<?xml version="1.0" encoding="UTF-8"?>
<!-- Generated by org.testng.reporters.JUnitReportReporter -->
<testsuite hostname="DESKTOP-10O9TLA" failures="0" tests="2" name="com.selenium.day2.TestBrowsers" time="16.515" errors="0" timestamp="2023-09-12T11:42:55 IST" skipped="0">
  <testcase classname="com.selenium.day2.TestBrowsers" name="testEdge" time="8.523"/>
  <testcase classname="com.selenium.day2.TestBrowsers" name="testChrome" time="7.992"/>
</testsuite> <!-- com.selenium.day2.TestBrowsers -->
