<?xml version="1.0" encoding="UTF-8"?>
<!-- Generated by org.testng.reporters.JUnitReportReporter -->
<testsuite hostname="DESKTOP-10O9TLA" failures="0" tests="1" name="com.selenium.day2.DDd" time="7.812" errors="0" timestamp="2023-09-12T15:47:50 IST" skipped="0">
  <testcase classname="com.selenium.day2.DDd" name="testBrowser" time="7.812"/>
</testsuite> <!-- com.selenium.day2.DDd -->
