<?xml version="1.0" encoding="UTF-8"?>
<!-- Generated by org.testng.reporters.JUnitReportReporter -->
<testsuite hostname="DESKTOP-10O9TLA" failures="0" tests="1" name="com.selenium.day2.DemoWebElementMethods" time="8.020" errors="0" timestamp="2023-09-14T11:36:56 IST" skipped="0">
  <testcase classname="com.selenium.day2.DemoWebElementMethods" name="test" time="8.020"/>
</testsuite> <!-- com.selenium.day2.DemoWebElementMethods -->
