<?xml version="1.0" encoding="UTF-8"?>
<!-- Generated by org.testng.reporters.JUnitReportReporter -->
<testsuite hostname="DESKTOP-10O9TLA" failures="0" tests="1" name="com.selenium.day2.DemoGetAttribute" time="12.479" errors="0" timestamp="2023-09-12T20:48:04 IST" skipped="0">
  <testcase classname="com.selenium.day2.DemoGetAttribute" name="testLinkText" time="12.479"/>
</testsuite> <!-- com.selenium.day2.DemoGetAttribute -->
