<?xml version="1.0" encoding="UTF-8"?>
<!-- Generated by org.testng.reporters.JUnitReportReporter -->
<testsuite hostname="DESKTOP-10O9TLA" failures="0" tests="1" name="com.selenium.day2.DemoTagName" time="14.688" errors="0" timestamp="2023-09-12T20:03:11 IST" skipped="0">
  <testcase classname="com.selenium.day2.DemoTagName" name="testLinkText" time="14.688"/>
</testsuite> <!-- com.selenium.day2.DemoTagName -->
